[     202ms] [INFO] %cDownload the React DevTools for a better development experience: https://reactjs.org/link/react-devtools font-weight:bold @ http://localhost:5175/node_modules/.vite/deps/chunk-K4GR42KS.js?v=dc0fa209:21608
[    7600ms] [VERBOSE] [DOM] Password field is not contained in a form: (More info: https://goo.gl/9p2vKq) %o @ http://localhost:5175/vault:0
[   95621ms] [ERROR] Failed to load resource: the server responded with a status of 400 () @ https://rxtlbhjysksoxkdcdqyr.supabase.co/auth/v1/token?grant_type=password:0
[ 3223551ms] [LOG] [vite] server connection lost. Polling for restart... @ http://localhost:5175/@vite/client:963
[ 3224242ms] [INFO] %cDownload the React DevTools for a better development experience: https://reactjs.org/link/react-devtools font-weight:bold @ http://localhost:5175/node_modules/.vite/deps/chunk-K4GR42KS.js?v=dc0fa209:21608
[ 5558660ms] [LOG] [vite] server connection lost. Polling for restart... @ http://localhost:5175/@vite/client:963
[ 5558895ms] [INFO] %cDownload the React DevTools for a better development experience: https://reactjs.org/link/react-devtools font-weight:bold @ http://localhost:5175/node_modules/.vite/deps/chunk-K4GR42KS.js?v=dc0fa209:21608
[ 9714084ms] Error: useAccount must be used within an AccountProvider
    at useAccount (http://localhost:5175/src/features/account/AccountContext.tsx:264:19)
    at AccountOverlays (http://localhost:5175/src/features/account/AccountOverlays.tsx:32:28)
    at renderWithHooks (http://localhost:5175/node_modules/.vite/deps/chunk-K4GR42KS.js?v=dc0fa209:11596:26)
    at mountIndeterminateComponent (http://localhost:5175/node_modules/.vite/deps/chunk-K4GR42KS.js?v=dc0fa209:14974:21)
    at beginWork (http://localhost:5175/node_modules/.vite/deps/chunk-K4GR42KS.js?v=dc0fa209:15962:22)
    at HTMLUnknownElement.callCallback2 (http://localhost:5175/node_modules/.vite/deps/chunk-K4GR42KS.js?v=dc0fa209:3680:22)
    at Object.invokeGuardedCallbackDev (http://localhost:5175/node_modules/.vite/deps/chunk-K4GR42KS.js?v=dc0fa209:3705:24)
    at invokeGuardedCallback (http://localhost:5175/node_modules/.vite/deps/chunk-K4GR42KS.js?v=dc0fa209:3739:39)
    at beginWork$1 (http://localhost:5175/node_modules/.vite/deps/chunk-K4GR42KS.js?v=dc0fa209:19818:15)
    at performUnitOfWork (http://localhost:5175/node_modules/.vite/deps/chunk-K4GR42KS.js?v=dc0fa209:19251:20)
[ 9714112ms] Error: useAccount must be used within an AccountProvider
    at useAccount (http://localhost:5175/src/features/account/AccountContext.tsx:264:19)
    at AccountOverlays (http://localhost:5175/src/features/account/AccountOverlays.tsx:32:28)
    at renderWithHooks (http://localhost:5175/node_modules/.vite/deps/chunk-K4GR42KS.js?v=dc0fa209:11596:26)
    at mountIndeterminateComponent (http://localhost:5175/node_modules/.vite/deps/chunk-K4GR42KS.js?v=dc0fa209:14974:21)
    at beginWork (http://localhost:5175/node_modules/.vite/deps/chunk-K4GR42KS.js?v=dc0fa209:15962:22)
    at HTMLUnknownElement.callCallback2 (http://localhost:5175/node_modules/.vite/deps/chunk-K4GR42KS.js?v=dc0fa209:3680:22)
    at Object.invokeGuardedCallbackDev (http://localhost:5175/node_modules/.vite/deps/chunk-K4GR42KS.js?v=dc0fa209:3705:24)
    at invokeGuardedCallback (http://localhost:5175/node_modules/.vite/deps/chunk-K4GR42KS.js?v=dc0fa209:3739:39)
    at beginWork$1 (http://localhost:5175/node_modules/.vite/deps/chunk-K4GR42KS.js?v=dc0fa209:19818:15)
    at performUnitOfWork (http://localhost:5175/node_modules/.vite/deps/chunk-K4GR42KS.js?v=dc0fa209:19251:20)
[ 9714115ms] [ERROR] The above error occurred in the <AccountOverlays> component:

    at AccountOverlays (http://localhost:5175/src/features/account/AccountOverlays.tsx:32:28)
    at GenerationProvider (http://localhost:5175/src/state/generation.tsx?t=1781264948216:35:38)
    at AccountProvider (http://localhost:5175/src/features/account/AccountContext.tsx?t=1781264948216:34:35)
    at App
    at ErrorBoundary (http://localhost:5175/src/components/ErrorBoundary.tsx:5:8)
    at Router (http://localhost:5175/node_modules/.vite/deps/react-router-dom.js?v=dc0fa209:4535:15)
    at BrowserRouter (http://localhost:5175/node_modules/.vite/deps/react-router-dom.js?v=dc0fa209:5273:5)

React will try to recreate this component tree from scratch using the error boundary you provided, ErrorBoundary. @ http://localhost:5175/node_modules/.vite/deps/chunk-K4GR42KS.js?v=dc0fa209:14079
[ 9714115ms] [ERROR] Unhandled UI error: Error: useAccount must be used within an AccountProvider
    at useAccount (http://localhost:5175/src/features/account/AccountContext.tsx:264:19)
    at AccountOverlays (http://localhost:5175/src/features/account/AccountOverlays.tsx:32:28)
    at renderWithHooks (http://localhost:5175/node_modules/.vite/deps/chunk-K4GR42KS.js?v=dc0fa209:11596:26)
    at mountIndeterminateComponent (http://localhost:5175/node_modules/.vite/deps/chunk-K4GR42KS.js?v=dc0fa209:14974:21)
    at beginWork (http://localhost:5175/node_modules/.vite/deps/chunk-K4GR42KS.js?v=dc0fa209:15962:22)
    at beginWork$1 (http://localhost:5175/node_modules/.vite/deps/chunk-K4GR42KS.js?v=dc0fa209:19806:22)
    at performUnitOfWork (http://localhost:5175/node_modules/.vite/deps/chunk-K4GR42KS.js?v=dc0fa209:19251:20)
    at workLoopSync (http://localhost:5175/node_modules/.vite/deps/chunk-K4GR42KS.js?v=dc0fa209:19190:13)
    at renderRootSync (http://localhost:5175/node_modules/.vite/deps/chunk-K4GR42KS.js?v=dc0fa209:19169:15)
    at recoverFromConcurrentError (http://localhost:5175/node_modules/.vite/deps/chunk-K4GR42KS.js?v=dc0fa209:18786:28) 
    at AccountOverlays (http://localhost:5175/src/features/account/AccountOverlays.tsx:32:28)
    at GenerationProvider (http://localhost:5175/src/state/generation.tsx?t=1781264948216:35:38)
    at AccountProvider (http://localhost:5175/src/features/account/AccountContext.tsx?t=1781264948216:34:35)
    at App
    at ErrorBoundary (http://localhost:5175/src/components/ErrorBoundary.tsx:5:8)
    at Router (http://localhost:5175/node_modules/.vite/deps/react-router-dom.js?v=dc0fa209:4535:15)
    at BrowserRouter (http://localhost:5175/node_modules/.vite/deps/react-router-dom.js?v=dc0fa209:5273:5) @ http://localhost:5175/src/components/ErrorBoundary.tsx:10
